<?xml version="1.0" encoding="UTF-8"?>
<!-- Generated by org.testng.reporters.JUnitXMLReporter -->
<testsuite ignored="0" hostname="DESKTOP-LL2C9AG" failures="0" tests="3" name="Test" time="60.58" errors="0" timestamp="2025-12-29T14:53:15 IST">
  <testcase classname="testCases.TC1Login" name="LRShopHolidayDecor" time="10.17"/>
  <testcase classname="testCases.TC1Login" name="LRShopbycollection" time="26.546"/>
  <testcase classname="testCases.TC1Login" name="LRshopbycollection1" time="22.572"/>
</testsuite> <!-- Test -->
