<?xml version="1.0" encoding="UTF-8"?>
<testng-results ignored="0" total="2" passed="2" failed="0" skipped="0">
  <reporter-output>
  </reporter-output>
  <suite started-at="2026-01-02T14:41:46 IST" name="Suite" finished-at="2026-01-02T14:42:26 IST" duration-ms="40416">
    <groups>
    </groups>
    <test started-at="2026-01-02T14:41:46 IST" name="Test" finished-at="2026-01-02T14:42:26 IST" duration-ms="40416">
      <class name="testCases.TC2Login">
        <test-method is-config="true" signature="openURL()[pri:0, instance:testCases.TC2Login@7b9a4292]" started-at="2026-01-02T14:41:31 IST" name="openURL" finished-at="2026-01-02T14:41:46 IST" duration-ms="15344" status="PASS">
          <reporter-output>
          </reporter-output>
        </test-method> <!-- openURL -->
        <test-method signature="LRshopbyplantype()[pri:1, instance:testCases.TC2Login@7b9a4292]" started-at="2026-01-02T14:41:47 IST" name="LRshopbyplantype" finished-at="2026-01-02T14:42:05 IST" duration-ms="18021" status="PASS">
          <reporter-output>
          </reporter-output>
        </test-method> <!-- LRshopbyplantype -->
        <test-method signature="LRShopbyplanttype2()[pri:2, instance:testCases.TC2Login@7b9a4292]" started-at="2026-01-02T14:42:05 IST" name="LRShopbyplanttype2" finished-at="2026-01-02T14:42:26 IST" duration-ms="21044" status="PASS">
          <reporter-output>
          </reporter-output>
        </test-method> <!-- LRShopbyplanttype2 -->
        <test-method is-config="true" signature="closeURL()[pri:0, instance:testCases.TC2Login@7b9a4292]" started-at="2026-01-02T14:42:28 IST" name="closeURL" finished-at="2026-01-02T14:42:29 IST" duration-ms="858" status="PASS">
          <reporter-output>
          </reporter-output>
        </test-method> <!-- closeURL -->
      </class> <!-- testCases.TC2Login -->
    </test> <!-- Test -->
  </suite> <!-- Suite -->
</testng-results>
