<?xml version="1.0" encoding="UTF-8"?>
<!-- Generated by org.testng.reporters.JUnitReportReporter -->
<testsuite hostname="DESKTOP-LL2C9AG" failures="0" tests="3" name="testCases.TC1Login" time="59.288" errors="0" timestamp="2025-12-29T14:53:17 IST" skipped="0">
  <testcase classname="testCases.TC1Login" name="LRShopHolidayDecor" time="10.170"/>
  <testcase classname="testCases.TC1Login" name="LRShopbycollection" time="26.546"/>
  <testcase classname="testCases.TC1Login" name="LRshopbycollection1" time="22.572"/>
</testsuite> <!-- testCases.TC1Login -->
