<?xml version="1.0" encoding="UTF-8"?>
<!-- Generated by org.testng.reporters.JUnitReportReporter -->
<testsuite hostname="DESKTOP-LL2C9AG" failures="0" tests="4" name="testCases.TC2Login" time="109.810" errors="0" timestamp="2026-02-09T11:38:48 IST" skipped="0">
  <testcase classname="testCases.TC2Login" name="LRshopbyplantype" time="17.555"/>
  <testcase classname="testCases.TC2Login" name="LRShopbyplanttype2" time="26.542"/>
  <testcase classname="testCases.TC2Login" name="LrShopbplantype3" time="29.731"/>
  <testcase classname="testCases.TC2Login" name="Lrshopbyplantype4" time="35.982"/>
</testsuite> <!-- testCases.TC2Login -->
