<?xml version="1.0" encoding="UTF-8"?>
<!-- Generated by org.testng.reporters.JUnitReportReporter -->
<testsuite hostname="DESKTOP-LL2C9AG" failures="0" tests="3" name="testCases.TC1Login" time="56.699" errors="0" timestamp="2025-12-29T15:16:34 IST" skipped="0">
  <testcase classname="testCases.TC1Login" name="LRShopHolidayDecor" time="9.765"/>
  <testcase classname="testCases.TC1Login" name="LRShopbycollection" time="24.222"/>
  <testcase classname="testCases.TC1Login" name="LRshopbycollection1" time="22.712"/>
</testsuite> <!-- testCases.TC1Login -->
